[2025-05-18 11:49:35] API Request: Array
(
    [method] => GET
    [uri] => /widget/api.php?action=get_config&widget_id=450a6c5bead35a8c3648a923a33da5a5
    [get] => Array
        (
            [action] => get_config
            [widget_id] => 450a6c5bead35a8c3648a923a33da5a5
        )

    [post] => Array
        (
        )

    [headers] => Array
        (
            [Host] => agileproject.site
            [sec-ch-ua-platform] => "Windows"
            [User-Agent] => Mozilla/5.0 (Windows NT 10.0; Win64; x64) AppleWebKit/537.36 (KHTML, like Gecko) Chrome/136.0.0.0 Safari/537.36
            [sec-ch-ua] => "Chromium";v="136", "Google Chrome";v="136", "Not.A/Brand";v="99"
            [dnt] => 1
            [sec-ch-ua-mobile] => ?0
            [Accept] => */*
            [origin] => https://remottejob.com
            [sec-fetch-site] => cross-site
            [sec-fetch-mode] => cors
            [sec-fetch-dest] => empty
            [Referer] => https://remottejob.com/
            [Accept-Encoding] => gzip, deflate, br, zstd
            [Accept-Language] => en-US,en;q=0.9
            [priority] => u=1, i
        )

    [body] => 
)

[2025-05-18 11:49:35] Getting config for widget_id: 450a6c5bead35a8c3648a923a33da5a5
[2025-05-18 11:49:35] Found user for widget_id: Array
(
    [user_id] => 1
    [name] => admin
)

[2025-05-18 12:19:23] API Request: Array
(
    [method] => GET
    [uri] => /widget/api.php?action=get_config&widget_id=450a6c5bead35a8c3648a923a33da5a5
    [get] => Array
        (
            [action] => get_config
            [widget_id] => 450a6c5bead35a8c3648a923a33da5a5
        )

    [post] => Array
        (
        )

    [headers] => Array
        (
            [Host] => agileproject.site
            [sec-ch-ua-platform] => "Windows"
            [User-Agent] => Mozilla/5.0 (Windows NT 10.0; Win64; x64) AppleWebKit/537.36 (KHTML, like Gecko) Chrome/136.0.0.0 Safari/537.36
            [sec-ch-ua] => "Chromium";v="136", "Google Chrome";v="136", "Not.A/Brand";v="99"
            [dnt] => 1
            [sec-ch-ua-mobile] => ?0
            [Accept] => */*
            [origin] => https://remottejob.com
            [sec-fetch-site] => cross-site
            [sec-fetch-mode] => cors
            [sec-fetch-dest] => empty
            [Referer] => https://remottejob.com/
            [Accept-Encoding] => gzip, deflate, br, zstd
            [Accept-Language] => en-US,en;q=0.9
            [priority] => u=1, i
        )

    [body] => 
)

[2025-05-18 12:19:23] Getting config for widget_id: 450a6c5bead35a8c3648a923a33da5a5
[2025-05-18 12:19:23] Found user for widget_id: Array
(
    [user_id] => 1
    [name] => admin
)

[2025-05-18 13:36:52] API Request: Array
(
    [method] => GET
    [uri] => /widget/api.php?action=get_config&widget_id=450a6c5bead35a8c3648a923a33da5a5
    [get] => Array
        (
            [action] => get_config
            [widget_id] => 450a6c5bead35a8c3648a923a33da5a5
        )

    [post] => Array
        (
        )

    [headers] => Array
        (
            [Host] => agileproject.site
            [sec-ch-ua-platform] => "Windows"
            [User-Agent] => Mozilla/5.0 (Windows NT 10.0; Win64; x64) AppleWebKit/537.36 (KHTML, like Gecko) Chrome/136.0.0.0 Safari/537.36
            [sec-ch-ua] => "Chromium";v="136", "Google Chrome";v="136", "Not.A/Brand";v="99"
            [dnt] => 1
            [sec-ch-ua-mobile] => ?0
            [Accept] => */*
            [origin] => https://remottejob.com
            [sec-fetch-site] => cross-site
            [sec-fetch-mode] => cors
            [sec-fetch-dest] => empty
            [Referer] => https://remottejob.com/
            [Accept-Encoding] => gzip, deflate, br, zstd
            [Accept-Language] => en-US,en;q=0.9
            [priority] => u=1, i
        )

    [body] => 
)

[2025-05-18 13:36:52] Getting config for widget_id: 450a6c5bead35a8c3648a923a33da5a5
[2025-05-18 13:36:52] Found user for widget_id: Array
(
    [user_id] => 1
    [name] => admin
)

[2025-05-18 13:38:29] API Request: Array
(
    [method] => GET
    [uri] => /widget/api.php?action=get_config&widget_id=450a6c5bead35a8c3648a923a33da5a5
    [get] => Array
        (
            [action] => get_config
            [widget_id] => 450a6c5bead35a8c3648a923a33da5a5
        )

    [post] => Array
        (
        )

    [headers] => Array
        (
            [Host] => agileproject.site
            [sec-ch-ua-platform] => "Windows"
            [User-Agent] => Mozilla/5.0 (Windows NT 10.0; Win64; x64) AppleWebKit/537.36 (KHTML, like Gecko) Chrome/136.0.0.0 Safari/537.36
            [sec-ch-ua] => "Chromium";v="136", "Google Chrome";v="136", "Not.A/Brand";v="99"
            [dnt] => 1
            [sec-ch-ua-mobile] => ?0
            [Accept] => */*
            [origin] => https://remottejob.com
            [sec-fetch-site] => cross-site
            [sec-fetch-mode] => cors
            [sec-fetch-dest] => empty
            [Referer] => https://remottejob.com/
            [Accept-Encoding] => gzip, deflate, br, zstd
            [Accept-Language] => en-US,en;q=0.9
            [priority] => u=1, i
        )

    [body] => 
)

[2025-05-18 13:38:29] Getting config for widget_id: 450a6c5bead35a8c3648a923a33da5a5
[2025-05-18 13:38:29] Found user for widget_id: Array
(
    [user_id] => 1
    [name] => admin
)

[2025-05-18 13:42:55] API Request: Array
(
    [method] => GET
    [uri] => /widget/api.php?action=get_messages&widget_id=450a6c5bead35a8c3648a923a33da5a5&visitor_id=visitor_omtqcwa9nrqb2itxba0g96&since=0
    [get] => Array
        (
            [action] => get_messages
            [widget_id] => 450a6c5bead35a8c3648a923a33da5a5
            [visitor_id] => visitor_omtqcwa9nrqb2itxba0g96
            [since] => 0
        )

    [post] => Array
        (
        )

    [headers] => Array
        (
            [Host] => agileproject.site
            [Pragma] => no-cache
            [Cache-Control] => no-cache
            [sec-ch-ua] => "HeadlessChrome";v="125", "Chromium";v="125", "Not.A/Brand";v="24"
            [sec-ch-ua-mobile] => ?0
            [User-Agent] => Mozilla/5.0 (X11; Linux x86_64) AppleWebKit/537.36 (KHTML, like Gecko) HeadlessChrome/125.0.6422.60 Safari/537.36
            [sec-ch-ua-platform] => "Linux"
            [Accept] => */*
            [origin] => https://remottejob.com
            [sec-fetch-site] => cross-site
            [sec-fetch-mode] => cors
            [sec-fetch-dest] => empty
            [Referer] => https://remottejob.com/
            [Accept-Encoding] => gzip, deflate, br
            [priority] => u=1, i
        )

    [body] => 
)

[2025-05-18 13:42:55] Getting messages for widget_id: 450a6c5bead35a8c3648a923a33da5a5, visitor_id: visitor_omtqcwa9nrqb2itxba0g96
[2025-05-18 13:42:55] Returning messages: Array
(
    [count] => 0
)

[2025-05-18 13:43:00] API Request: Array
(
    [method] => GET
    [uri] => /widget/api.php?action=get_messages&widget_id=450a6c5bead35a8c3648a923a33da5a5&visitor_id=visitor_omtqcwa9nrqb2itxba0g96&since=0
    [get] => Array
        (
            [action] => get_messages
            [widget_id] => 450a6c5bead35a8c3648a923a33da5a5
            [visitor_id] => visitor_omtqcwa9nrqb2itxba0g96
            [since] => 0
        )

    [post] => Array
        (
        )

    [headers] => Array
        (
            [Host] => agileproject.site
            [Pragma] => no-cache
            [Cache-Control] => no-cache
            [sec-ch-ua] => "HeadlessChrome";v="125", "Chromium";v="125", "Not.A/Brand";v="24"
            [sec-ch-ua-mobile] => ?0
            [User-Agent] => Mozilla/5.0 (X11; Linux x86_64) AppleWebKit/537.36 (KHTML, like Gecko) HeadlessChrome/125.0.6422.60 Safari/537.36
            [sec-ch-ua-platform] => "Linux"
            [Accept] => */*
            [origin] => https://remottejob.com
            [sec-fetch-site] => cross-site
            [sec-fetch-mode] => cors
            [sec-fetch-dest] => empty
            [Referer] => https://remottejob.com/
            [Accept-Encoding] => gzip, deflate, br
            [priority] => u=1, i
        )

    [body] => 
)

[2025-05-18 13:43:00] Getting messages for widget_id: 450a6c5bead35a8c3648a923a33da5a5, visitor_id: visitor_omtqcwa9nrqb2itxba0g96
[2025-05-18 13:43:00] Returning messages: Array
(
    [count] => 0
)

[2025-05-18 13:43:05] API Request: Array
(
    [method] => GET
    [uri] => /widget/api.php?action=get_messages&widget_id=450a6c5bead35a8c3648a923a33da5a5&visitor_id=visitor_omtqcwa9nrqb2itxba0g96&since=0
    [get] => Array
        (
            [action] => get_messages
            [widget_id] => 450a6c5bead35a8c3648a923a33da5a5
            [visitor_id] => visitor_omtqcwa9nrqb2itxba0g96
            [since] => 0
        )

    [post] => Array
        (
        )

    [headers] => Array
        (
            [Host] => agileproject.site
            [Pragma] => no-cache
            [Cache-Control] => no-cache
            [sec-ch-ua] => "HeadlessChrome";v="125", "Chromium";v="125", "Not.A/Brand";v="24"
            [sec-ch-ua-mobile] => ?0
            [User-Agent] => Mozilla/5.0 (X11; Linux x86_64) AppleWebKit/537.36 (KHTML, like Gecko) HeadlessChrome/125.0.6422.60 Safari/537.36
            [sec-ch-ua-platform] => "Linux"
            [Accept] => */*
            [origin] => https://remottejob.com
            [sec-fetch-site] => cross-site
            [sec-fetch-mode] => cors
            [sec-fetch-dest] => empty
            [Referer] => https://remottejob.com/
            [Accept-Encoding] => gzip, deflate, br
            [priority] => u=1, i
        )

    [body] => 
)

[2025-05-18 13:43:05] Getting messages for widget_id: 450a6c5bead35a8c3648a923a33da5a5, visitor_id: visitor_omtqcwa9nrqb2itxba0g96
[2025-05-18 13:43:10] API Request: Array
(
    [method] => GET
    [uri] => /widget/api.php?action=get_messages&widget_id=450a6c5bead35a8c3648a923a33da5a5&visitor_id=visitor_omtqcwa9nrqb2itxba0g96&since=0
    [get] => Array
        (
            [action] => get_messages
            [widget_id] => 450a6c5bead35a8c3648a923a33da5a5
            [visitor_id] => visitor_omtqcwa9nrqb2itxba0g96
            [since] => 0
        )

    [post] => Array
        (
        )

    [headers] => Array
        (
            [Host] => agileproject.site
            [Pragma] => no-cache
            [Cache-Control] => no-cache
            [sec-ch-ua] => "HeadlessChrome";v="125", "Chromium";v="125", "Not.A/Brand";v="24"
            [sec-ch-ua-mobile] => ?0
            [User-Agent] => Mozilla/5.0 (X11; Linux x86_64) AppleWebKit/537.36 (KHTML, like Gecko) HeadlessChrome/125.0.6422.60 Safari/537.36
            [sec-ch-ua-platform] => "Linux"
            [Accept] => */*
            [origin] => https://remottejob.com
            [sec-fetch-site] => cross-site
            [sec-fetch-mode] => cors
            [sec-fetch-dest] => empty
            [Referer] => https://remottejob.com/
            [Accept-Encoding] => gzip, deflate, br
            [priority] => u=1, i
        )

    [body] => 
)

[2025-05-18 13:43:10] Getting messages for widget_id: 450a6c5bead35a8c3648a923a33da5a5, visitor_id: visitor_omtqcwa9nrqb2itxba0g96
[2025-05-18 13:43:13] API Request: Array
(
    [method] => GET
    [uri] => /widget/api.php?action=get_config&widget_id=450a6c5bead35a8c3648a923a33da5a5
    [get] => Array
        (
            [action] => get_config
            [widget_id] => 450a6c5bead35a8c3648a923a33da5a5
        )

    [post] => Array
        (
        )

    [headers] => Array
        (
            [Host] => agileproject.site
            [sec-ch-ua-platform] => "Windows"
            [User-Agent] => Mozilla/5.0 (Windows NT 10.0; Win64; x64) AppleWebKit/537.36 (KHTML, like Gecko) Chrome/136.0.0.0 Safari/537.36
            [sec-ch-ua] => "Chromium";v="136", "Google Chrome";v="136", "Not.A/Brand";v="99"
            [dnt] => 1
            [sec-ch-ua-mobile] => ?0
            [Accept] => */*
            [origin] => https://remottejob.com
            [sec-fetch-site] => cross-site
            [sec-fetch-mode] => cors
            [sec-fetch-dest] => empty
            [Referer] => https://remottejob.com/
            [Accept-Encoding] => gzip, deflate, br, zstd
            [Accept-Language] => en-US,en;q=0.9
            [priority] => u=1, i
        )

    [body] => 
)

[2025-05-18 13:43:13] Getting config for widget_id: 450a6c5bead35a8c3648a923a33da5a5
[2025-05-18 13:43:13] Found user for widget_id: Array
(
    [user_id] => 1
    [name] => admin
)

[2025-05-18 13:43:15] API Request: Array
(
    [method] => GET
    [uri] => /widget/api.php?action=get_messages&widget_id=450a6c5bead35a8c3648a923a33da5a5&visitor_id=visitor_omtqcwa9nrqb2itxba0g96&since=0
    [get] => Array
        (
            [action] => get_messages
            [widget_id] => 450a6c5bead35a8c3648a923a33da5a5
            [visitor_id] => visitor_omtqcwa9nrqb2itxba0g96
            [since] => 0
        )

    [post] => Array
        (
        )

    [headers] => Array
        (
            [Host] => agileproject.site
            [Pragma] => no-cache
            [Cache-Control] => no-cache
            [sec-ch-ua] => "HeadlessChrome";v="125", "Chromium";v="125", "Not.A/Brand";v="24"
            [sec-ch-ua-mobile] => ?0
            [User-Agent] => Mozilla/5.0 (X11; Linux x86_64) AppleWebKit/537.36 (KHTML, like Gecko) HeadlessChrome/125.0.6422.60 Safari/537.36
            [sec-ch-ua-platform] => "Linux"
            [Accept] => */*
            [origin] => https://remottejob.com
            [sec-fetch-site] => cross-site
            [sec-fetch-mode] => cors
            [sec-fetch-dest] => empty
            [Referer] => https://remottejob.com/
            [Accept-Encoding] => gzip, deflate, br
            [priority] => u=1, i
        )

    [body] => 
)

[2025-05-18 13:43:15] Getting messages for widget_id: 450a6c5bead35a8c3648a923a33da5a5, visitor_id: visitor_omtqcwa9nrqb2itxba0g96
[2025-05-18 13:43:20] API Request: Array
(
    [method] => GET
    [uri] => /widget/api.php?action=get_messages&widget_id=450a6c5bead35a8c3648a923a33da5a5&visitor_id=visitor_omtqcwa9nrqb2itxba0g96&since=0
    [get] => Array
        (
            [action] => get_messages
            [widget_id] => 450a6c5bead35a8c3648a923a33da5a5
            [visitor_id] => visitor_omtqcwa9nrqb2itxba0g96
            [since] => 0
        )

    [post] => Array
        (
        )

    [headers] => Array
        (
            [Host] => agileproject.site
            [Pragma] => no-cache
            [Cache-Control] => no-cache
            [sec-ch-ua] => "HeadlessChrome";v="125", "Chromium";v="125", "Not.A/Brand";v="24"
            [sec-ch-ua-mobile] => ?0
            [User-Agent] => Mozilla/5.0 (X11; Linux x86_64) AppleWebKit/537.36 (KHTML, like Gecko) HeadlessChrome/125.0.6422.60 Safari/537.36
            [sec-ch-ua-platform] => "Linux"
            [Accept] => */*
            [origin] => https://remottejob.com
            [sec-fetch-site] => cross-site
            [sec-fetch-mode] => cors
            [sec-fetch-dest] => empty
            [Referer] => https://remottejob.com/
            [Accept-Encoding] => gzip, deflate, br
            [priority] => u=1, i
        )

    [body] => 
)

[2025-05-18 13:43:20] Getting messages for widget_id: 450a6c5bead35a8c3648a923a33da5a5, visitor_id: visitor_omtqcwa9nrqb2itxba0g96
[2025-05-18 15:36:12] API Request: Array
(
    [method] => GET
    [uri] => /widget/api.php?action=get_messages&widget_id=450a6c5bead35a8c3648a923a33da5a5&visitor_id=visitor_azkeexfp2xsum3jt217kyk&since=0
    [get] => Array
        (
            [action] => get_messages
            [widget_id] => 450a6c5bead35a8c3648a923a33da5a5
            [visitor_id] => visitor_azkeexfp2xsum3jt217kyk
            [since] => 0
        )

    [post] => Array
        (
        )

    [headers] => Array
        (
            [Host] => agileproject.site
            [sec-ch-ua-platform] => "Linux"
            [User-Agent] => Mozilla/5.0 (X11; Linux x86_64) AppleWebKit/537.36 (KHTML, like Gecko) HeadlessChrome/130.0.0.0 Safari/537.36
            [sec-ch-ua] => "Not?A_Brand";v="99", "Chromium";v="130"
            [sec-ch-ua-mobile] => ?0
            [Accept] => */*
            [origin] => https://turkishcustomsservice.com
            [sec-fetch-site] => cross-site
            [sec-fetch-mode] => cors
            [sec-fetch-dest] => empty
            [Referer] => https://turkishcustomsservice.com/
            [Accept-Encoding] => gzip, deflate, br, zstd
            [Accept-Language] => en-US,en;q=0.9
            [priority] => u=1, i
        )

    [body] => 
)

[2025-05-18 15:36:12] Getting messages for widget_id: 450a6c5bead35a8c3648a923a33da5a5, visitor_id: visitor_azkeexfp2xsum3jt217kyk
[2025-05-18 16:39:47] API Request: Array
(
    [method] => GET
    [uri] => /widget/api.php?action=get_config&widget_id=450a6c5bead35a8c3648a923a33da5a5
    [get] => Array
        (
            [action] => get_config
            [widget_id] => 450a6c5bead35a8c3648a923a33da5a5
        )

    [post] => Array
        (
        )

    [headers] => Array
        (
            [Host] => agileproject.site
            [sec-ch-ua-platform] => "Windows"
            [User-Agent] => Mozilla/5.0 (Windows NT 10.0; Win64; x64) AppleWebKit/537.36 (KHTML, like Gecko) Chrome/136.0.0.0 Safari/537.36
            [sec-ch-ua] => "Chromium";v="136", "Google Chrome";v="136", "Not.A/Brand";v="99"
            [dnt] => 1
            [sec-ch-ua-mobile] => ?0
            [Accept] => */*
            [origin] => https://remottejob.com
            [sec-fetch-site] => cross-site
            [sec-fetch-mode] => cors
            [sec-fetch-dest] => empty
            [Referer] => https://remottejob.com/
            [Accept-Encoding] => gzip, deflate, br, zstd
            [Accept-Language] => en-US,en;q=0.9
            [priority] => u=1, i
        )

    [body] => 
)

[2025-05-18 16:39:47] Getting config for widget_id: 450a6c5bead35a8c3648a923a33da5a5
[2025-05-18 16:39:47] Found user for widget_id: Array
(
    [user_id] => 1
    [name] => admin
)

[2025-05-18 16:39:51] API Request: Array
(
    [method] => GET
    [uri] => /widget/api.php?action=get_config&widget_id=450a6c5bead35a8c3648a923a33da5a5
    [get] => Array
        (
            [action] => get_config
            [widget_id] => 450a6c5bead35a8c3648a923a33da5a5
        )

    [post] => Array
        (
        )

    [headers] => Array
        (
            [Host] => agileproject.site
            [sec-ch-ua-platform] => "Windows"
            [User-Agent] => Mozilla/5.0 (Windows NT 10.0; Win64; x64) AppleWebKit/537.36 (KHTML, like Gecko) Chrome/136.0.0.0 Safari/537.36
            [sec-ch-ua] => "Chromium";v="136", "Google Chrome";v="136", "Not.A/Brand";v="99"
            [dnt] => 1
            [sec-ch-ua-mobile] => ?0
            [Accept] => */*
            [origin] => https://remottejob.com
            [sec-fetch-site] => cross-site
            [sec-fetch-mode] => cors
            [sec-fetch-dest] => empty
            [Referer] => https://remottejob.com/
            [Accept-Encoding] => gzip, deflate, br, zstd
            [Accept-Language] => en-US,en;q=0.9
            [priority] => u=1, i
        )

    [body] => 
)

[2025-05-18 16:39:51] Getting config for widget_id: 450a6c5bead35a8c3648a923a33da5a5
[2025-05-18 16:39:51] Found user for widget_id: Array
(
    [user_id] => 1
    [name] => admin
)

